  main.cpp
d:\users\l533\source\repos\group10studioproject6\sp1framework\sp1framework\main.cpp(264): warning C4309: 'argument': truncation of constant value
d:\users\l533\source\repos\group10studioproject6\sp1framework\sp1framework\main.cpp(278): warning C4018: '<': signed/unsigned mismatch
d:\users\l533\source\repos\group10studioproject6\sp1framework\sp1framework\main.cpp(282): warning C4309: '=': truncation of constant value
d:\users\l533\source\repos\group10studioproject6\sp1framework\sp1framework\main.cpp(298): warning C4018: '<': signed/unsigned mismatch
  game.cpp
d:\users\l533\source\repos\group10studioproject6\sp1framework\sp1framework\game.cpp(61): warning C4018: '<': signed/unsigned mismatch
d:\users\l533\source\repos\group10studioproject6\sp1framework\sp1framework\game.cpp(65): warning C4309: '=': truncation of constant value
d:\users\l533\source\repos\group10studioproject6\sp1framework\sp1framework\game.cpp(54): warning C4101: 'c': unreferenced local variable
d:\users\l533\source\repos\group10studioproject6\sp1framework\sp1framework\game.cpp(172): warning C4551: function call missing argument list
d:\users\l533\source\repos\group10studioproject6\sp1framework\sp1framework\game.cpp(320): warning C4309: 'argument': truncation of constant value
d:\users\l533\source\repos\group10studioproject6\sp1framework\sp1framework\game.cpp(331): warning C4018: '<': signed/unsigned mismatch
  timer.cpp
  console.cpp
  Generating Code...
  LINK : D:\Users\l533\Source\Repos\Group10StudioProject6\SP1Framework\Debug\SP1Framework.exe not found or not built by the last incremental link; performing full link
main.obj : error LNK2005: "void __cdecl clearScreen(void)" (?clearScreen@@YAXXZ) already defined in game.obj
main.obj : error LNK2005: "void __cdecl gameplay(void)" (?gameplay@@YAXXZ) already defined in game.obj
main.obj : error LNK2005: "void __cdecl getInput(void)" (?getInput@@YAXXZ) already defined in game.obj
main.obj : error LNK2005: "void __cdecl init(void)" (?init@@YAXXZ) already defined in game.obj
main.obj : error LNK2005: "void __cdecl lives(void)" (?lives@@YAXXZ) already defined in game.obj
main.obj : error LNK2005: "void __cdecl moveAI(void)" (?moveAI@@YAXXZ) already defined in game.obj
main.obj : error LNK2005: "void __cdecl moveCharacter(void)" (?moveCharacter@@YAXXZ) already defined in game.obj
main.obj : error LNK2005: "void __cdecl processUserInput(void)" (?processUserInput@@YAXXZ) already defined in game.obj
main.obj : error LNK2005: "void __cdecl render(void)" (?render@@YAXXZ) already defined in game.obj
main.obj : error LNK2005: "void __cdecl renderAI(void)" (?renderAI@@YAXXZ) already defined in game.obj
main.obj : error LNK2005: "void __cdecl renderCharacter(void)" (?renderCharacter@@YAXXZ) already defined in game.obj
main.obj : error LNK2005: "void __cdecl renderFramerate(void)" (?renderFramerate@@YAXXZ) already defined in game.obj
main.obj : error LNK2005: "void __cdecl renderGame(void)" (?renderGame@@YAXXZ) already defined in game.obj
main.obj : error LNK2005: "void __cdecl renderSplashScreen(void)" (?renderSplashScreen@@YAXXZ) already defined in game.obj
main.obj : error LNK2005: "void __cdecl renderToScreen(void)" (?renderToScreen@@YAXXZ) already defined in game.obj
main.obj : error LNK2005: "void __cdecl shutdown(void)" (?shutdown@@YAXXZ) already defined in game.obj
main.obj : error LNK2005: "void __cdecl splashScreenWait(void)" (?splashScreenWait@@YAXXZ) already defined in game.obj
main.obj : error LNK2005: "void __cdecl update(double)" (?update@@YAXN@Z) already defined in game.obj
main.obj : error LNK2005: "struct SGameChar g_sChar" (?g_sChar@@3USGameChar@@A) already defined in game.obj
main.obj : error LNK2005: "enum EGAMESTATES g_eGameState" (?g_eGameState@@3W4EGAMESTATES@@A) already defined in game.obj
main.obj : error LNK2005: "double g_dBounceTime" (?g_dBounceTime@@3NA) already defined in game.obj
main.obj : error LNK2005: "double g_dElapsedTime" (?g_dElapsedTime@@3NA) already defined in game.obj
main.obj : error LNK2005: "double g_dDeltaTime" (?g_dDeltaTime@@3NA) already defined in game.obj
main.obj : error LNK2005: "bool * g_abKeyPressed" (?g_abKeyPressed@@3PA_NA) already defined in game.obj
main.obj : error LNK2005: "class Console g_Console" (?g_Console@@3VConsole@@A) already defined in game.obj
game.obj : error LNK2001: unresolved external symbol "bool g_bQuitGame" (?g_bQuitGame@@3_NA)
main.obj : error LNK2001: unresolved external symbol "bool g_bQuitGame" (?g_bQuitGame@@3_NA)
MSVCRTD.lib(exe_main.obj) : error LNK2019: unresolved external symbol _main referenced in function "int __cdecl invoke_main(void)" (?invoke_main@@YAHXZ)
D:\Users\l533\Source\Repos\Group10StudioProject6\SP1Framework\Debug\SP1Framework.exe : fatal error LNK1120: 2 unresolved externals
